<?xml version="1.0" encoding="UTF-8"?>
<!--

    Copyright (c) 2020, 2024 Oracle and/or its affiliates.

    Licensed under the Apache License, Version 2.0 (the "License");
    you may not use this file except in compliance with the License.
    You may obtain a copy of the License at

        http://www.apache.org/licenses/LICENSE-2.0

    Unless required by applicable law or agreed to in writing, software
    distributed under the License is distributed on an "AS IS" BASIS,
    WITHOUT WARRANTIES OR CONDITIONS OF ANY KIND, either express or implied.
    See the License for the specific language governing permissions and
    limitations under the License.

-->
<directories>
    <variables>
        <variable name="version">
            <value>${docs.1.version}</value>
            <value>1.4.3</value>
            <value>1.4.2</value>
            <value>1.4.1</value>
            <value>1.4.0</value>
        </variable>
    </variables>
    <directory target="${project.build.directory}/site">
        <unpack-artifacts>
            <unpack-artifact
                    groupId="io.helidon"
                    artifactId="helidon-docs"
                    version="{version}"
                    excludes="META-INF/**"
                    target="docs/{version}">
                <iterators>
                    <variables>
                        <variable ref="version" />
                    </variables>
                </iterators>
            </unpack-artifact>
            <unpack-artifact
                    groupId="io.helidon"
                    artifactId="helidon-project"
                    version="{version}"
                    classifier="site"
                    excludes="META-INF/**"
                    target="docs/{version}">
                <iterators>
                    <variables>
                        <variable name="version">
                            <value>${docs.2.version}</value>
                        </variable>
                    </variables>
                </iterators>
            </unpack-artifact>
        </unpack-artifacts>
        <symlinks>
            <symlink source="./${docs.latest.version}" target="docs/latest"/>
            <symlink source="./${docs.1.version}" target="docs/v1"/>
            <symlink source="./${docs.2.version}" target="docs/v2"/>
            <symlink source="./${cli.latest.version}" target="cli/latest"/>
        </symlinks>
        <downloads>
            <download url="https://helidon.io/cli-data/{version}/cli-data.zip"
                      target="cli-data/{version}/cli-data.zip">
                <iterators>
                    <variables>
                        <variable name="version">
                            <value>2.0.0-M1</value>
                        </variable>
                    </variables>
                </iterators>
            </download>
            <download
                    url="${build-tools.download.url}/{version}/helidon-cli-{platform}-amd64"
                    target="cli/{version}">
                <iterators>
                    <variables>
                        <variable name="platform">
                            <value>darwin</value>
                            <value>linux</value>
                        </variable>
                        <variable name="version">
                            <value>${cli.latest.version}</value>
                            <value>2.0.0-M4</value>
                        </variable>
                    </variables>
                </iterators>
            </download>
        </downloads>
        <archives>
            <archive target="cli-data/${cli.data.latest.version}/cli-data.zip">
                <copy-artifacts>
                    <copy-artifact groupId="io.helidon.archetypes"
                                   artifactId="helidon-archetype-catalog"
                                   version="${cli.data.latest.version}"
                                   type="xml"
                                   target="archetype-catalog.xml"/>
                    <copy-artifact groupId="io.helidon.archetypes"
                                   artifactId="helidon-bare-se"
                                   version="${cli.data.latest.version}" />
                    <copy-artifact groupId="io.helidon.archetypes"
                                   artifactId="helidon-bare-mp"
                                   version="${cli.data.latest.version}" />
                </copy-artifacts>
                <templates>
                    <template source="src/cli-metadata.properties.mustache"
                              target="metadata.properties">
                        <variables>
                            <variable name="helidonVersion"
                                      value="${cli.data.latest.version}"/>
                            <variable name="buildToolsVersion"
                                      value="${cli.maven.plugin.version}"/>
                            <variable name="cliVersion"
                                      value="${cli.latest.version}"/>
                            <variable name="cliUpdateMessages">
                                <value>
                                    <variable name="version"
                                              value="2.0.0-M2"/>
                                    <variable name="message"
                                              value="Major dev command enhancements"/>
                                </value>
                                <value>
                                    <variable name="version"
                                              value="2.0.0-M4"/>
                                    <variable name="message"
                                              value="Helidon archetype support"/>
                                </value>
                                <value>
                                    <variable name="version"
                                              value="2.0.0-RC1"/>
                                    <variable name="message"
                                              value="Performance improvements"/>
                                </value>
                            </variable>
                        </variables>
                    </template>
                </templates>
            </archive>
        </archives>
        <templates>
            <template source="redirect.html.mustache" target="docs/index.html">
                <variables>
                    <variable name="location" value="./latest/index.html"/>
                    <variable name="title" value="Helidon Documentation"/>
                    <variable name="description" value="Helidon Documentation"/>
                    <variable name="og-url" value="https://helidon.io/docs"/>
                    <variable name="og-description" value="Documentation"/>
                </variables>
            </template>
            <template source="redirect.html.mustache" target="guides/index.html">
                <variables>
                    <variable name="location"
                              value="../docs/latest/index.html#/guides/01_overview"/>
                    <variable name="title" value="Helidon Guides"/>
                    <variable name="description" value="Helidon Guides"/>
                    <variable name="og-url" value="https://helidon.io/guides"/>
                    <variable name="og-description" value="Guides"/>
                </variables>
            </template>
            <template source="redirect.html.mustache" target="javadocs/index.html">
                <variables>
                    <variable name="location"
                              value="../docs/latest/apidocs/index.html?overview-summary.html"/>
                    <variable name="title" value="Helidon Javadocs"/>
                    <variable name="description" value="Helidon Javadocs"/>
                    <variable name="og-url" value="https://helidon.io/javadocs"/>
                    <variable name="og-description" value="Javadocs"/>
                </variables>
            </template>
        </templates>
        <files>
            <file target="CNAME">${cname}</file>
            <file target="cli-data/latest">${cli.data.latest.version}</file>
            <file target="sitemap.txt">
                <list-files dir="docs">
                    <includes>
                        <include>**/foo/**</include>
                        <include>**/bar/**</include>
                    </includes>
                    <excludes>
                        <exclude>**/bob/**</exclude>
                        <exclude>**/alice/**</exclude>
                    </excludes>
                    <substitutions>
                        <substitution
                                match="^(?&lt;path&gt;([^/]+/)*)index.html$"
                                replace="{path}" />
                    </substitutions>
                </list-files>
            </file>
        </files>
    </directory>
</directories>
